<html>
<head>
<title>TestNG:  Fliplearn Test Execution On Chrome</title>
<link href="../testng.css" rel="stylesheet" type="text/css" />
<link href="../my-testng.css" rel="stylesheet" type="text/css" />

<style type="text/css">
.log { display: none;} 
.stack-trace { display: none;} 
</style>
<script type="text/javascript">
<!--
function flip(e) {
  current = e.style.display;
  if (current == 'block') {
    e.style.display = 'none';
    return 0;
  }
  else {
    e.style.display = 'block';
    return 1;
  }
}

function toggleBox(szDivId, elem, msg1, msg2)
{
  var res = -1;  if (document.getElementById) {
    res = flip(document.getElementById(szDivId));
  }
  else if (document.all) {
    // this is the way old msie versions work
    res = flip(document.all[szDivId]);
  }
  if(elem) {
    if(res == 0) elem.innerHTML = msg1; else elem.innerHTML = msg2;
  }

}

function toggleAllBoxes() {
  if (document.getElementsByTagName) {
    d = document.getElementsByTagName('div');
    for (i = 0; i < d.length; i++) {
      if (d[i].className == 'log') {
        flip(d[i]);
      }
    }
  }
}

// -->
</script>

</head>
<body>
<h2 align='center'>Fliplearn Test Execution On Chrome</h2><table border='1' align="center">
<tr>
<td>Tests passed/Failed/Skipped:</td><td>0/0/11</td>
</tr><tr>
<td>Started on:</td><td>Tue Oct 20 11:31:06 IST 2015</td>
</tr>
<tr><td>Total time:</td><td>1 seconds (1718 ms)</td>
</tr><tr>
<td>Included groups:</td><td></td>
</tr><tr>
<td>Excluded groups:</td><td></td>
</tr>
</table><p/>
<small><i>(Hover the method name to see the test class name)</i></small><p/>
<table width='100%' border='1' class='invocation-failed'>
<tr><td colspan='4' align='center'><b>FAILED CONFIGURATIONS</b></td></tr>
<tr><td><b>Test method</b></td>
<td width="30%"><b>Exception</b></td>
<td width="10%"><b>Time (seconds)</b></td>
<td><b>Instance</b></td>
</tr>
<tr>
<td title='com.appmodule.testscript.Student_Login_Script.Login_validation()'><b>Login_validation</b><br>Test class: com.appmodule.testscript.Student_Login_Script</td>
<td><div><pre>org.openqa.selenium.WebDriverException: Failed to connect to binary FirefoxBinary(C:\Program Files (x86)\Mozilla Firefox\firefox.exe) on port 7055; process output follows: 
null
Build info: version: &apos;2.48.2&apos;, revision: &apos;41bccdd&apos;, time: &apos;2015-10-09 19:59:12&apos;
System info: host: &apos;kuldeep&apos;, ip: &apos;192.168.7.112&apos;, os.name: &apos;Windows 8.1&apos;, os.arch: &apos;amd64&apos;, os.version: &apos;6.3&apos;, java.version: &apos;1.8.0_25&apos;
Driver info: driver.version: FirefoxDriver
	at org.openqa.selenium.firefox.internal.NewProfileExtensionConnection.start(NewProfileExtensionConnection.java:138)
	at org.openqa.selenium.firefox.FirefoxDriver.startClient(FirefoxDriver.java:271)
	at org.openqa.selenium.remote.RemoteWebDriver.&lt;init&gt;(RemoteWebDriver.java:117)
	at org.openqa.selenium.firefox.FirefoxDriver.&lt;init&gt;(FirefoxDriver.java:218)
	at org.openqa.selenium.firefox.FirefoxDriver.&lt;init&gt;(FirefoxDriver.java:211)
	at org.openqa.selenium.firefox.FirefoxDriver.&lt;init&gt;(FirefoxDriver.java:207)
	at org.openqa.selenium.firefox.FirefoxDriver.&lt;init&gt;(FirefoxDriver.java:124)
	at com.appmodule.Generic_method.Generic_class.fn_LaunchBrowser(Generic_class.java:91)
	at com.appmodule.Generic_method.Generic_class.fn_OpenApp(Generic_class.java:109)
	at com.appmodule.testscript.Student_Login_Script.Login_validation(Student_Login_Script.java:38)
	at sun.reflect.NativeMethodAccessorImpl.invoke0(Native Method)
	at sun.reflect.NativeMethodAccessorImpl.invoke(Unknown Source)
	at sun.reflect.DelegatingMethodAccessorImpl.invoke(Unknown Source)
	at java.lang.reflect.Method.invoke(Unknown Source)
	at org.testng.internal.MethodInvocationHelper.invokeMethod(MethodInvocationHelper.java:80)
	at org.testng.internal.Invoker.invokeConfigurationMethod(Invoker.java:564)
	at org.testng.internal.Invoker.invokeConfigurations(Invoker.java:213)
	at org.testng.internal.Invoker.invokeConfigurations(Invoker.java:138)
	at org.testng.TestRunner.beforeRun(TestRunner.java:641)
	at org.testng.TestRunner.run(TestRunner.java:609)
	at org.testng.SuiteRunner.runTest(SuiteRunner.java:334)
	at org.testng.SuiteRunner.access$000(SuiteRunner.java:37)
	at org.testng.SuiteRunner$SuiteWorker.run(SuiteRunner.java:368)
	at org.testng.internal.thread.ThreadUtil$2.call(ThreadUtil.java:64)
	at java.util.concurrent.FutureTask.run(Unknown Source)
	at java.util.concurrent.ThreadPoolExecutor.runWorker(Unknown Source)
	at java.util.concurrent.ThreadPoolExecutor$Worker.run(Unknown Source)
	at java.lang.Thread.run(Unknown Source)
Caused by: org.openqa.selenium.WebDriverException: java.lang.RuntimeException: XPathFactory#newInstance() failed to create an XPathFactory for the default object model: http://java.sun.com/jaxp/xpath/dom with the XPathFactoryConfigurationException: javax.xml.xpath.XPathFactoryConfigurationException: java.util.ServiceConfigurationError: javax.xml.xpath.XPathFactory: jar:file:/C:/Users/ykuld_000/Desktop/smartclassonlinesel/FlipLearn/lib/saxon-he-9.4.jar!/META-INF/services/javax.xml.xpath.XPathFactory:2: Illegal configuration-file syntax
Build info: version: &apos;2.48.2&apos;, revision: &apos;41bccdd&apos;, time: &apos;2015-10-09 19:59:12&apos;
System info: host: &apos;kuldeep&apos;, ip: &apos;192.168.7.112&apos;, os.name: &apos;Windows 8.1&apos;, os.arch: &apos;amd64&apos;, os.version: &apos;6.3&apos;, java.version: &apos;1.8.0_25&apos;
Driver info: driver.version: FirefoxDriver
	at org.openqa.selenium.firefox.internal.FileExtension.readIdFromInstallRdf(FileExtension.java:142)
	at org.openqa.selenium.firefox.internal.FileExtension.writeTo(FileExtension.java:61)
	at org.openqa.selenium.firefox.internal.ClasspathExtension.writeTo(ClasspathExtension.java:64)
	at org.openqa.selenium.firefox.FirefoxProfile.installExtensions(FirefoxProfile.java:443)
	at org.openqa.selenium.firefox.FirefoxProfile.layoutOnDisk(FirefoxProfile.java:421)
	at org.openqa.selenium.firefox.internal.NewProfileExtensionConnection.start(NewProfileExtensionConnection.java:95)
	... 27 more
Caused by: java.lang.RuntimeException: XPathFactory#newInstance() failed to create an XPathFactory for the default object model: http://java.sun.com/jaxp/xpath/dom with the XPathFactoryConfigurationException: javax.xml.xpath.XPathFactoryConfigurationException: java.util.ServiceConfigurationError: javax.xml.xpath.XPathFactory: jar:file:/C:/Users/ykuld_000/Desktop/smartclassonlinesel/FlipLearn/lib/saxon-he-9.4.jar!/META-INF/services/javax.xml.xpath.XPathFactory:2: Illegal configuration-file syntax
	at javax.xml.xpath.XPathFactory.newInstance(Unknown Source)
	at org.openqa.selenium.firefox.internal.FileExtension.readIdFromInstallRdf(FileExtension.java:100)
	... 32 more
</pre></div><a href='#' onClick='toggleBox("stack-trace1100612215", this, "Click to show all stack frames", "Click to hide stack frames")'>Click to show all stack frames</a>
<div class='stack-trace' id='stack-trace1100612215'><pre>org.openqa.selenium.WebDriverException: Failed to connect to binary FirefoxBinary(C:\Program Files (x86)\Mozilla Firefox\firefox.exe) on port 7055; process output follows: 
null
Build info: version: &apos;2.48.2&apos;, revision: &apos;41bccdd&apos;, time: &apos;2015-10-09 19:59:12&apos;
System info: host: &apos;kuldeep&apos;, ip: &apos;192.168.7.112&apos;, os.name: &apos;Windows 8.1&apos;, os.arch: &apos;amd64&apos;, os.version: &apos;6.3&apos;, java.version: &apos;1.8.0_25&apos;
Driver info: driver.version: FirefoxDriver
	at org.openqa.selenium.firefox.internal.NewProfileExtensionConnection.start(NewProfileExtensionConnection.java:138)
	at org.openqa.selenium.firefox.FirefoxDriver.startClient(FirefoxDriver.java:271)
	at org.openqa.selenium.remote.RemoteWebDriver.&lt;init&gt;(RemoteWebDriver.java:117)
	at org.openqa.selenium.firefox.FirefoxDriver.&lt;init&gt;(FirefoxDriver.java:218)
	at org.openqa.selenium.firefox.FirefoxDriver.&lt;init&gt;(FirefoxDriver.java:211)
	at org.openqa.selenium.firefox.FirefoxDriver.&lt;init&gt;(FirefoxDriver.java:207)
	at org.openqa.selenium.firefox.FirefoxDriver.&lt;init&gt;(FirefoxDriver.java:124)
	at com.appmodule.Generic_method.Generic_class.fn_LaunchBrowser(Generic_class.java:91)
	at com.appmodule.Generic_method.Generic_class.fn_OpenApp(Generic_class.java:109)
	at com.appmodule.testscript.Student_Login_Script.Login_validation(Student_Login_Script.java:38)
	at sun.reflect.NativeMethodAccessorImpl.invoke0(Native Method)
	at sun.reflect.NativeMethodAccessorImpl.invoke(Unknown Source)
	at sun.reflect.DelegatingMethodAccessorImpl.invoke(Unknown Source)
	at java.lang.reflect.Method.invoke(Unknown Source)
	at org.testng.internal.MethodInvocationHelper.invokeMethod(MethodInvocationHelper.java:80)
	at org.testng.internal.Invoker.invokeConfigurationMethod(Invoker.java:564)
	at org.testng.internal.Invoker.invokeConfigurations(Invoker.java:213)
	at org.testng.internal.Invoker.invokeConfigurations(Invoker.java:138)
	at org.testng.TestRunner.beforeRun(TestRunner.java:641)
	at org.testng.TestRunner.run(TestRunner.java:609)
	at org.testng.SuiteRunner.runTest(SuiteRunner.java:334)
	at org.testng.SuiteRunner.access$000(SuiteRunner.java:37)
	at org.testng.SuiteRunner$SuiteWorker.run(SuiteRunner.java:368)
	at org.testng.internal.thread.ThreadUtil$2.call(ThreadUtil.java:64)
	at java.util.concurrent.FutureTask.run(Unknown Source)
	at java.util.concurrent.ThreadPoolExecutor.runWorker(Unknown Source)
	at java.util.concurrent.ThreadPoolExecutor$Worker.run(Unknown Source)
	at java.lang.Thread.run(Unknown Source)
Caused by: org.openqa.selenium.WebDriverException: java.lang.RuntimeException: XPathFactory#newInstance() failed to create an XPathFactory for the default object model: http://java.sun.com/jaxp/xpath/dom with the XPathFactoryConfigurationException: javax.xml.xpath.XPathFactoryConfigurationException: java.util.ServiceConfigurationError: javax.xml.xpath.XPathFactory: jar:file:/C:/Users/ykuld_000/Desktop/smartclassonlinesel/FlipLearn/lib/saxon-he-9.4.jar!/META-INF/services/javax.xml.xpath.XPathFactory:2: Illegal configuration-file syntax
Build info: version: &apos;2.48.2&apos;, revision: &apos;41bccdd&apos;, time: &apos;2015-10-09 19:59:12&apos;
System info: host: &apos;kuldeep&apos;, ip: &apos;192.168.7.112&apos;, os.name: &apos;Windows 8.1&apos;, os.arch: &apos;amd64&apos;, os.version: &apos;6.3&apos;, java.version: &apos;1.8.0_25&apos;
Driver info: driver.version: FirefoxDriver
	at org.openqa.selenium.firefox.internal.FileExtension.readIdFromInstallRdf(FileExtension.java:142)
	at org.openqa.selenium.firefox.internal.FileExtension.writeTo(FileExtension.java:61)
	at org.openqa.selenium.firefox.internal.ClasspathExtension.writeTo(ClasspathExtension.java:64)
	at org.openqa.selenium.firefox.FirefoxProfile.installExtensions(FirefoxProfile.java:443)
	at org.openqa.selenium.firefox.FirefoxProfile.layoutOnDisk(FirefoxProfile.java:421)
	at org.openqa.selenium.firefox.internal.NewProfileExtensionConnection.start(NewProfileExtensionConnection.java:95)
	... 27 more
Caused by: java.lang.RuntimeException: XPathFactory#newInstance() failed to create an XPathFactory for the default object model: http://java.sun.com/jaxp/xpath/dom with the XPathFactoryConfigurationException: javax.xml.xpath.XPathFactoryConfigurationException: java.util.ServiceConfigurationError: javax.xml.xpath.XPathFactory: jar:file:/C:/Users/ykuld_000/Desktop/smartclassonlinesel/FlipLearn/lib/saxon-he-9.4.jar!/META-INF/services/javax.xml.xpath.XPathFactory:2: Illegal configuration-file syntax
	at javax.xml.xpath.XPathFactory.newInstance(Unknown Source)
	at org.openqa.selenium.firefox.internal.FileExtension.readIdFromInstallRdf(FileExtension.java:100)
	... 32 more
</pre></div></td>
<td>0</td>
<td>null</td></tr>
</table><p>
<table width='100%' border='1' class='invocation-skipped'>
<tr><td colspan='4' align='center'><b>SKIPPED CONFIGURATIONS</b></td></tr>
<tr><td><b>Test method</b></td>
<td width="30%"><b>Exception</b></td>
<td width="10%"><b>Time (seconds)</b></td>
<td><b>Instance</b></td>
</tr>
<tr>
<td title='com.appmodule.testscript.Student_Login_Script.closebrowser()'><b>closebrowser</b><br>Test class: com.appmodule.testscript.Student_Login_Script</td>
<td></td>
<td>0</td>
<td>null</td></tr>
</table><p>
<table width='100%' border='1' class='invocation-skipped'>
<tr><td colspan='4' align='center'><b>SKIPPED TESTS</b></td></tr>
<tr><td><b>Test method</b></td>
<td width="30%"><b>Exception</b></td>
<td width="10%"><b>Time (seconds)</b></td>
<td><b>Instance</b></td>
</tr>
<tr>
<td title='com.appmodule.testscript.Student_Login_Script.Click_Mathguru()'><b>Click_Mathguru</b><br>Test class: com.appmodule.testscript.Student_Login_Script</td>
<td></td>
<td>0</td>
<td>com.appmodule.testscript.Student_Login_Script@34340fab</td></tr>
<tr>
<td title='com.appmodule.testscript.Student_Login_Script.click_announcement()'><b>click_announcement</b><br>Test class: com.appmodule.testscript.Student_Login_Script</td>
<td></td>
<td>0</td>
<td>com.appmodule.testscript.Student_Login_Script@34340fab</td></tr>
<tr>
<td title='com.appmodule.testscript.Student_Login_Script.click_attendance()'><b>click_attendance</b><br>Test class: com.appmodule.testscript.Student_Login_Script</td>
<td></td>
<td>0</td>
<td>com.appmodule.testscript.Student_Login_Script@34340fab</td></tr>
<tr>
<td title='com.appmodule.testscript.Student_Login_Script.click_dashboard()'><b>click_dashboard</b><br>Test class: com.appmodule.testscript.Student_Login_Script</td>
<td></td>
<td>0</td>
<td>com.appmodule.testscript.Student_Login_Script@34340fab</td></tr>
<tr>
<td title='com.appmodule.testscript.Student_Login_Script.click_event()'><b>click_event</b><br>Test class: com.appmodule.testscript.Student_Login_Script</td>
<td></td>
<td>0</td>
<td>com.appmodule.testscript.Student_Login_Script@34340fab</td></tr>
<tr>
<td title='com.appmodule.testscript.Student_Login_Script.click_gallery()'><b>click_gallery</b><br>Test class: com.appmodule.testscript.Student_Login_Script</td>
<td></td>
<td>0</td>
<td>com.appmodule.testscript.Student_Login_Script@34340fab</td></tr>
<tr>
<td title='com.appmodule.testscript.Student_Login_Script.click_marks()'><b>click_marks</b><br>Test class: com.appmodule.testscript.Student_Login_Script</td>
<td></td>
<td>0</td>
<td>com.appmodule.testscript.Student_Login_Script@34340fab</td></tr>
<tr>
<td title='com.appmodule.testscript.Student_Login_Script.click_message()'><b>click_message</b><br>Test class: com.appmodule.testscript.Student_Login_Script</td>
<td></td>
<td>0</td>
<td>com.appmodule.testscript.Student_Login_Script@34340fab</td></tr>
<tr>
<td title='com.appmodule.testscript.Student_Login_Script.click_myclassroom_Art_Sub()'><b>click_myclassroom_Art_Sub</b><br>Test class: com.appmodule.testscript.Student_Login_Script</td>
<td></td>
<td>0</td>
<td>com.appmodule.testscript.Student_Login_Script@34340fab</td></tr>
<tr>
<td title='com.appmodule.testscript.Student_Login_Script.click_smartclass_english()'><b>click_smartclass_english</b><br>Test class: com.appmodule.testscript.Student_Login_Script</td>
<td></td>
<td>0</td>
<td>com.appmodule.testscript.Student_Login_Script@34340fab</td></tr>
<tr>
<td title='com.appmodule.testscript.Student_Login_Script.click_walllink()'><b>click_walllink</b><br>Test class: com.appmodule.testscript.Student_Login_Script</td>
<td></td>
<td>0</td>
<td>com.appmodule.testscript.Student_Login_Script@34340fab</td></tr>
</table><p>
</body>
</html>