<?xml version="1.0" encoding="UTF-8"?>
<!-- Generated by org.testng.reporters.JUnitXMLReporter -->
<testsuite hostname="kuldeep" name="Fliplearn Test Execution On Chrome" tests="11" failures="0" timestamp="20 Oct 2015 06:01:08 GMT" time="1.718" errors="0">
  <testcase name="@BeforeTest Login_validation" time="0.0" classname="com.appmodule.testscript.Student_Login_Script">
    <failure type="org.openqa.selenium.WebDriverException" message="Failed to connect to binary FirefoxBinary(C:\Program Files (x86)\Mozilla Firefox\firefox.exe) on port 7055; process output follows: 
null
Build info: version: &amp;apos;2.48.2&amp;apos;, revision: &amp;apos;41bccdd&amp;apos;, time: &amp;apos;2015-10-09 19:59:12&amp;apos;
System info: host: &amp;apos;kuldeep&amp;apos;, ip: &amp;apos;192.168.7.112&amp;apos;, os.name: &amp;apos;Windows 8.1&amp;apos;, os.arch: &amp;apos;amd64&amp;apos;, os.version: &amp;apos;6.3&amp;apos;, java.version: &amp;apos;1.8.0_25&amp;apos;
Driver info: driver.version: FirefoxDriver">
      <![CDATA[org.openqa.selenium.WebDriverException: Failed to connect to binary FirefoxBinary(C:\Program Files (x86)\Mozilla Firefox\firefox.exe) on port 7055; process output follows: 
null
Build info: version: '2.48.2', revision: '41bccdd', time: '2015-10-09 19:59:12'
System info: host: 'kuldeep', ip: '192.168.7.112', os.name: 'Windows 8.1', os.arch: 'amd64', os.version: '6.3', java.version: '1.8.0_25'
Driver info: driver.version: FirefoxDriver
	at org.openqa.selenium.firefox.internal.NewProfileExtensionConnection.start(NewProfileExtensionConnection.java:138)
	at org.openqa.selenium.firefox.FirefoxDriver.startClient(FirefoxDriver.java:271)
	at org.openqa.selenium.remote.RemoteWebDriver.<init>(RemoteWebDriver.java:117)
	at org.openqa.selenium.firefox.FirefoxDriver.<init>(FirefoxDriver.java:218)
	at org.openqa.selenium.firefox.FirefoxDriver.<init>(FirefoxDriver.java:211)
	at org.openqa.selenium.firefox.FirefoxDriver.<init>(FirefoxDriver.java:207)
	at org.openqa.selenium.firefox.FirefoxDriver.<init>(FirefoxDriver.java:124)
	at com.appmodule.Generic_method.Generic_class.fn_LaunchBrowser(Generic_class.java:91)
	at com.appmodule.Generic_method.Generic_class.fn_OpenApp(Generic_class.java:109)
	at com.appmodule.testscript.Student_Login_Script.Login_validation(Student_Login_Script.java:38)
	at sun.reflect.NativeMethodAccessorImpl.invoke0(Native Method)
	at sun.reflect.NativeMethodAccessorImpl.invoke(Unknown Source)
	at sun.reflect.DelegatingMethodAccessorImpl.invoke(Unknown Source)
	at java.lang.reflect.Method.invoke(Unknown Source)
	at org.testng.internal.MethodInvocationHelper.invokeMethod(MethodInvocationHelper.java:80)
	at org.testng.internal.Invoker.invokeConfigurationMethod(Invoker.java:564)
	at org.testng.internal.Invoker.invokeConfigurations(Invoker.java:213)
	at org.testng.internal.Invoker.invokeConfigurations(Invoker.java:138)
	at org.testng.TestRunner.beforeRun(TestRunner.java:641)
	at org.testng.TestRunner.run(TestRunner.java:609)
	at org.testng.SuiteRunner.runTest(SuiteRunner.java:334)
	at org.testng.SuiteRunner.access$000(SuiteRunner.java:37)
	at org.testng.SuiteRunner$SuiteWorker.run(SuiteRunner.java:368)
	at org.testng.internal.thread.ThreadUtil$2.call(ThreadUtil.java:64)
	at java.util.concurrent.FutureTask.run(Unknown Source)
	at java.util.concurrent.ThreadPoolExecutor.runWorker(Unknown Source)
	at java.util.concurrent.ThreadPoolExecutor$Worker.run(Unknown Source)
	at java.lang.Thread.run(Unknown Source)
Caused by: org.openqa.selenium.WebDriverException: java.lang.RuntimeException: XPathFactory#newInstance() failed to create an XPathFactory for the default object model: http://java.sun.com/jaxp/xpath/dom with the XPathFactoryConfigurationException: javax.xml.xpath.XPathFactoryConfigurationException: java.util.ServiceConfigurationError: javax.xml.xpath.XPathFactory: jar:file:/C:/Users/ykuld_000/Desktop/smartclassonlinesel/FlipLearn/lib/saxon-he-9.4.jar!/META-INF/services/javax.xml.xpath.XPathFactory:2: Illegal configuration-file syntax
Build info: version: '2.48.2', revision: '41bccdd', time: '2015-10-09 19:59:12'
System info: host: 'kuldeep', ip: '192.168.7.112', os.name: 'Windows 8.1', os.arch: 'amd64', os.version: '6.3', java.version: '1.8.0_25'
Driver info: driver.version: FirefoxDriver
	at org.openqa.selenium.firefox.internal.FileExtension.readIdFromInstallRdf(FileExtension.java:142)
	at org.openqa.selenium.firefox.internal.FileExtension.writeTo(FileExtension.java:61)
	at org.openqa.selenium.firefox.internal.ClasspathExtension.writeTo(ClasspathExtension.java:64)
	at org.openqa.selenium.firefox.FirefoxProfile.installExtensions(FirefoxProfile.java:443)
	at org.openqa.selenium.firefox.FirefoxProfile.layoutOnDisk(FirefoxProfile.java:421)
	at org.openqa.selenium.firefox.internal.NewProfileExtensionConnection.start(NewProfileExtensionConnection.java:95)
	... 27 more
Caused by: java.lang.RuntimeException: XPathFactory#newInstance() failed to create an XPathFactory for the default object model: http://java.sun.com/jaxp/xpath/dom with the XPathFactoryConfigurationException: javax.xml.xpath.XPathFactoryConfigurationException: java.util.ServiceConfigurationError: javax.xml.xpath.XPathFactory: jar:file:/C:/Users/ykuld_000/Desktop/smartclassonlinesel/FlipLearn/lib/saxon-he-9.4.jar!/META-INF/services/javax.xml.xpath.XPathFactory:2: Illegal configuration-file syntax
	at javax.xml.xpath.XPathFactory.newInstance(Unknown Source)
	at org.openqa.selenium.firefox.internal.FileExtension.readIdFromInstallRdf(FileExtension.java:100)
	... 32 more
]]>
    </failure>
  </testcase> <!-- @BeforeTest Login_validation -->
  <testcase name="@AfterTest closebrowser" time="0.0" classname="com.appmodule.testscript.Student_Login_Script">
    <skipped/>
  </testcase> <!-- @AfterTest closebrowser -->
  <testcase name="click_walllink" time="0.0" classname="com.appmodule.testscript.Student_Login_Script">
    <skipped/>
  </testcase> <!-- click_walllink -->
  <testcase name="click_message" time="0.0" classname="com.appmodule.testscript.Student_Login_Script">
    <skipped/>
  </testcase> <!-- click_message -->
  <testcase name="click_gallery" time="0.0" classname="com.appmodule.testscript.Student_Login_Script">
    <skipped/>
  </testcase> <!-- click_gallery -->
  <testcase name="click_event" time="0.0" classname="com.appmodule.testscript.Student_Login_Script">
    <skipped/>
  </testcase> <!-- click_event -->
  <testcase name="click_announcement" time="0.0" classname="com.appmodule.testscript.Student_Login_Script">
    <skipped/>
  </testcase> <!-- click_announcement -->
  <testcase name="click_attendance" time="0.0" classname="com.appmodule.testscript.Student_Login_Script">
    <skipped/>
  </testcase> <!-- click_attendance -->
  <testcase name="click_marks" time="0.0" classname="com.appmodule.testscript.Student_Login_Script">
    <skipped/>
  </testcase> <!-- click_marks -->
  <testcase name="click_dashboard" time="0.0" classname="com.appmodule.testscript.Student_Login_Script">
    <skipped/>
  </testcase> <!-- click_dashboard -->
  <testcase name="click_myclassroom_Art_Sub" time="0.0" classname="com.appmodule.testscript.Student_Login_Script">
    <skipped/>
  </testcase> <!-- click_myclassroom_Art_Sub -->
  <testcase name="click_smartclass_english" time="0.0" classname="com.appmodule.testscript.Student_Login_Script">
    <skipped/>
  </testcase> <!-- click_smartclass_english -->
  <testcase name="Click_Mathguru" time="0.0" classname="com.appmodule.testscript.Student_Login_Script">
    <skipped/>
  </testcase> <!-- Click_Mathguru -->
</testsuite> <!-- Fliplearn Test Execution On Chrome -->
